ARM GAS  C:\Users\LC\AppData\Local\Temp\ccjL3Puo.s 			page 1


   1              		.cpu cortex-m4
   2              		.arch armv7e-m
   3              		.fpu fpv4-sp-d16
   4              		.eabi_attribute 27, 1
   5              		.eabi_attribute 28, 1
   6              		.eabi_attribute 20, 1
   7              		.eabi_attribute 21, 1
   8              		.eabi_attribute 23, 3
   9              		.eabi_attribute 24, 1
  10              		.eabi_attribute 25, 1
  11              		.eabi_attribute 26, 1
  12              		.eabi_attribute 30, 1
  13              		.eabi_attribute 34, 1
  14              		.eabi_attribute 18, 4
  15              		.file	"stm32f4xx_hal_flash_ramfunc.c"
  16              		.text
  17              	.Ltext0:
  18              		.cfi_sections	.debug_frame
  19              		.section	.RamFunc,"ax",%progbits
  20              		.align	1
  21              		.global	HAL_FLASHEx_StopFlashInterfaceClk
  22              		.syntax unified
  23              		.thumb
  24              		.thumb_func
  26              	HAL_FLASHEx_StopFlashInterfaceClk:
  27              	.LFB134:
  28              		.file 1 "C:/Users/LC/STM32Cube/Repository/STM32Cube_FW_F4_V1.28.0/Drivers/STM32F4xx_HAL_Driver/Src
   1:C:/Users/LC/STM32Cube/Repository/STM32Cube_FW_F4_V1.28.0/Drivers/STM32F4xx_HAL_Driver/Src\stm32f4xx_hal_flash_ramfunc.c **** /**
   2:C:/Users/LC/STM32Cube/Repository/STM32Cube_FW_F4_V1.28.0/Drivers/STM32F4xx_HAL_Driver/Src\stm32f4xx_hal_flash_ramfunc.c ****   ******************************************************************************
   3:C:/Users/LC/STM32Cube/Repository/STM32Cube_FW_F4_V1.28.0/Drivers/STM32F4xx_HAL_Driver/Src\stm32f4xx_hal_flash_ramfunc.c ****   * @file    stm32f4xx_hal_flash_ramfunc.c
   4:C:/Users/LC/STM32Cube/Repository/STM32Cube_FW_F4_V1.28.0/Drivers/STM32F4xx_HAL_Driver/Src\stm32f4xx_hal_flash_ramfunc.c ****   * @author  MCD Application Team
   5:C:/Users/LC/STM32Cube/Repository/STM32Cube_FW_F4_V1.28.0/Drivers/STM32F4xx_HAL_Driver/Src\stm32f4xx_hal_flash_ramfunc.c ****   * @brief   FLASH RAMFUNC module driver.
   6:C:/Users/LC/STM32Cube/Repository/STM32Cube_FW_F4_V1.28.0/Drivers/STM32F4xx_HAL_Driver/Src\stm32f4xx_hal_flash_ramfunc.c ****   *          This file provides a FLASH firmware functions which should be 
   7:C:/Users/LC/STM32Cube/Repository/STM32Cube_FW_F4_V1.28.0/Drivers/STM32F4xx_HAL_Driver/Src\stm32f4xx_hal_flash_ramfunc.c ****   *          executed from internal SRAM
   8:C:/Users/LC/STM32Cube/Repository/STM32Cube_FW_F4_V1.28.0/Drivers/STM32F4xx_HAL_Driver/Src\stm32f4xx_hal_flash_ramfunc.c ****   *            + Stop/Start the flash interface while System Run
   9:C:/Users/LC/STM32Cube/Repository/STM32Cube_FW_F4_V1.28.0/Drivers/STM32F4xx_HAL_Driver/Src\stm32f4xx_hal_flash_ramfunc.c ****   *            + Enable/Disable the flash sleep while System Run
  10:C:/Users/LC/STM32Cube/Repository/STM32Cube_FW_F4_V1.28.0/Drivers/STM32F4xx_HAL_Driver/Src\stm32f4xx_hal_flash_ramfunc.c ****   @verbatim
  11:C:/Users/LC/STM32Cube/Repository/STM32Cube_FW_F4_V1.28.0/Drivers/STM32F4xx_HAL_Driver/Src\stm32f4xx_hal_flash_ramfunc.c ****   ==============================================================================
  12:C:/Users/LC/STM32Cube/Repository/STM32Cube_FW_F4_V1.28.0/Drivers/STM32F4xx_HAL_Driver/Src\stm32f4xx_hal_flash_ramfunc.c ****                     ##### APIs executed from Internal RAM #####
  13:C:/Users/LC/STM32Cube/Repository/STM32Cube_FW_F4_V1.28.0/Drivers/STM32F4xx_HAL_Driver/Src\stm32f4xx_hal_flash_ramfunc.c ****   ==============================================================================
  14:C:/Users/LC/STM32Cube/Repository/STM32Cube_FW_F4_V1.28.0/Drivers/STM32F4xx_HAL_Driver/Src\stm32f4xx_hal_flash_ramfunc.c ****   [..]
  15:C:/Users/LC/STM32Cube/Repository/STM32Cube_FW_F4_V1.28.0/Drivers/STM32F4xx_HAL_Driver/Src\stm32f4xx_hal_flash_ramfunc.c ****     *** ARM Compiler ***
  16:C:/Users/LC/STM32Cube/Repository/STM32Cube_FW_F4_V1.28.0/Drivers/STM32F4xx_HAL_Driver/Src\stm32f4xx_hal_flash_ramfunc.c ****     --------------------
  17:C:/Users/LC/STM32Cube/Repository/STM32Cube_FW_F4_V1.28.0/Drivers/STM32F4xx_HAL_Driver/Src\stm32f4xx_hal_flash_ramfunc.c ****     [..] RAM functions are defined using the toolchain options. 
  18:C:/Users/LC/STM32Cube/Repository/STM32Cube_FW_F4_V1.28.0/Drivers/STM32F4xx_HAL_Driver/Src\stm32f4xx_hal_flash_ramfunc.c ****          Functions that are be executed in RAM should reside in a separate
  19:C:/Users/LC/STM32Cube/Repository/STM32Cube_FW_F4_V1.28.0/Drivers/STM32F4xx_HAL_Driver/Src\stm32f4xx_hal_flash_ramfunc.c ****          source module. Using the 'Options for File' dialog you can simply change
  20:C:/Users/LC/STM32Cube/Repository/STM32Cube_FW_F4_V1.28.0/Drivers/STM32F4xx_HAL_Driver/Src\stm32f4xx_hal_flash_ramfunc.c ****          the 'Code / Const' area of a module to a memory space in physical RAM.
  21:C:/Users/LC/STM32Cube/Repository/STM32Cube_FW_F4_V1.28.0/Drivers/STM32F4xx_HAL_Driver/Src\stm32f4xx_hal_flash_ramfunc.c ****          Available memory areas are declared in the 'Target' tab of the 
  22:C:/Users/LC/STM32Cube/Repository/STM32Cube_FW_F4_V1.28.0/Drivers/STM32F4xx_HAL_Driver/Src\stm32f4xx_hal_flash_ramfunc.c ****          Options for Target' dialog.
  23:C:/Users/LC/STM32Cube/Repository/STM32Cube_FW_F4_V1.28.0/Drivers/STM32F4xx_HAL_Driver/Src\stm32f4xx_hal_flash_ramfunc.c **** 
  24:C:/Users/LC/STM32Cube/Repository/STM32Cube_FW_F4_V1.28.0/Drivers/STM32F4xx_HAL_Driver/Src\stm32f4xx_hal_flash_ramfunc.c ****     *** ICCARM Compiler ***
  25:C:/Users/LC/STM32Cube/Repository/STM32Cube_FW_F4_V1.28.0/Drivers/STM32F4xx_HAL_Driver/Src\stm32f4xx_hal_flash_ramfunc.c ****     -----------------------
  26:C:/Users/LC/STM32Cube/Repository/STM32Cube_FW_F4_V1.28.0/Drivers/STM32F4xx_HAL_Driver/Src\stm32f4xx_hal_flash_ramfunc.c ****     [..] RAM functions are defined using a specific toolchain keyword "__ramfunc".
  27:C:/Users/LC/STM32Cube/Repository/STM32Cube_FW_F4_V1.28.0/Drivers/STM32F4xx_HAL_Driver/Src\stm32f4xx_hal_flash_ramfunc.c **** 
  28:C:/Users/LC/STM32Cube/Repository/STM32Cube_FW_F4_V1.28.0/Drivers/STM32F4xx_HAL_Driver/Src\stm32f4xx_hal_flash_ramfunc.c ****     *** GNU Compiler ***
  29:C:/Users/LC/STM32Cube/Repository/STM32Cube_FW_F4_V1.28.0/Drivers/STM32F4xx_HAL_Driver/Src\stm32f4xx_hal_flash_ramfunc.c ****     --------------------
  30:C:/Users/LC/STM32Cube/Repository/STM32Cube_FW_F4_V1.28.0/Drivers/STM32F4xx_HAL_Driver/Src\stm32f4xx_hal_flash_ramfunc.c ****     [..] RAM functions are defined using a specific toolchain attribute
ARM GAS  C:\Users\LC\AppData\Local\Temp\ccjL3Puo.s 			page 2


  31:C:/Users/LC/STM32Cube/Repository/STM32Cube_FW_F4_V1.28.0/Drivers/STM32F4xx_HAL_Driver/Src\stm32f4xx_hal_flash_ramfunc.c ****          "__attribute__((section(".RamFunc")))".
  32:C:/Users/LC/STM32Cube/Repository/STM32Cube_FW_F4_V1.28.0/Drivers/STM32F4xx_HAL_Driver/Src\stm32f4xx_hal_flash_ramfunc.c ****   
  33:C:/Users/LC/STM32Cube/Repository/STM32Cube_FW_F4_V1.28.0/Drivers/STM32F4xx_HAL_Driver/Src\stm32f4xx_hal_flash_ramfunc.c ****   @endverbatim         
  34:C:/Users/LC/STM32Cube/Repository/STM32Cube_FW_F4_V1.28.0/Drivers/STM32F4xx_HAL_Driver/Src\stm32f4xx_hal_flash_ramfunc.c ****   ******************************************************************************
  35:C:/Users/LC/STM32Cube/Repository/STM32Cube_FW_F4_V1.28.0/Drivers/STM32F4xx_HAL_Driver/Src\stm32f4xx_hal_flash_ramfunc.c ****   * @attention
  36:C:/Users/LC/STM32Cube/Repository/STM32Cube_FW_F4_V1.28.0/Drivers/STM32F4xx_HAL_Driver/Src\stm32f4xx_hal_flash_ramfunc.c ****   *
  37:C:/Users/LC/STM32Cube/Repository/STM32Cube_FW_F4_V1.28.0/Drivers/STM32F4xx_HAL_Driver/Src\stm32f4xx_hal_flash_ramfunc.c ****   * Copyright (c) 2017 STMicroelectronics.
  38:C:/Users/LC/STM32Cube/Repository/STM32Cube_FW_F4_V1.28.0/Drivers/STM32F4xx_HAL_Driver/Src\stm32f4xx_hal_flash_ramfunc.c ****   * All rights reserved.
  39:C:/Users/LC/STM32Cube/Repository/STM32Cube_FW_F4_V1.28.0/Drivers/STM32F4xx_HAL_Driver/Src\stm32f4xx_hal_flash_ramfunc.c ****   *
  40:C:/Users/LC/STM32Cube/Repository/STM32Cube_FW_F4_V1.28.0/Drivers/STM32F4xx_HAL_Driver/Src\stm32f4xx_hal_flash_ramfunc.c ****   * This software is licensed under terms that can be found in the LICENSE file in
  41:C:/Users/LC/STM32Cube/Repository/STM32Cube_FW_F4_V1.28.0/Drivers/STM32F4xx_HAL_Driver/Src\stm32f4xx_hal_flash_ramfunc.c ****   * the root directory of this software component.
  42:C:/Users/LC/STM32Cube/Repository/STM32Cube_FW_F4_V1.28.0/Drivers/STM32F4xx_HAL_Driver/Src\stm32f4xx_hal_flash_ramfunc.c ****   * If no LICENSE file comes with this software, it is provided AS-IS.
  43:C:/Users/LC/STM32Cube/Repository/STM32Cube_FW_F4_V1.28.0/Drivers/STM32F4xx_HAL_Driver/Src\stm32f4xx_hal_flash_ramfunc.c ****   ******************************************************************************
  44:C:/Users/LC/STM32Cube/Repository/STM32Cube_FW_F4_V1.28.0/Drivers/STM32F4xx_HAL_Driver/Src\stm32f4xx_hal_flash_ramfunc.c ****   */ 
  45:C:/Users/LC/STM32Cube/Repository/STM32Cube_FW_F4_V1.28.0/Drivers/STM32F4xx_HAL_Driver/Src\stm32f4xx_hal_flash_ramfunc.c **** 
  46:C:/Users/LC/STM32Cube/Repository/STM32Cube_FW_F4_V1.28.0/Drivers/STM32F4xx_HAL_Driver/Src\stm32f4xx_hal_flash_ramfunc.c **** /* Includes ------------------------------------------------------------------*/
  47:C:/Users/LC/STM32Cube/Repository/STM32Cube_FW_F4_V1.28.0/Drivers/STM32F4xx_HAL_Driver/Src\stm32f4xx_hal_flash_ramfunc.c **** #include "stm32f4xx_hal.h"
  48:C:/Users/LC/STM32Cube/Repository/STM32Cube_FW_F4_V1.28.0/Drivers/STM32F4xx_HAL_Driver/Src\stm32f4xx_hal_flash_ramfunc.c **** 
  49:C:/Users/LC/STM32Cube/Repository/STM32Cube_FW_F4_V1.28.0/Drivers/STM32F4xx_HAL_Driver/Src\stm32f4xx_hal_flash_ramfunc.c **** /** @addtogroup STM32F4xx_HAL_Driver
  50:C:/Users/LC/STM32Cube/Repository/STM32Cube_FW_F4_V1.28.0/Drivers/STM32F4xx_HAL_Driver/Src\stm32f4xx_hal_flash_ramfunc.c ****   * @{
  51:C:/Users/LC/STM32Cube/Repository/STM32Cube_FW_F4_V1.28.0/Drivers/STM32F4xx_HAL_Driver/Src\stm32f4xx_hal_flash_ramfunc.c ****   */
  52:C:/Users/LC/STM32Cube/Repository/STM32Cube_FW_F4_V1.28.0/Drivers/STM32F4xx_HAL_Driver/Src\stm32f4xx_hal_flash_ramfunc.c **** 
  53:C:/Users/LC/STM32Cube/Repository/STM32Cube_FW_F4_V1.28.0/Drivers/STM32F4xx_HAL_Driver/Src\stm32f4xx_hal_flash_ramfunc.c **** /** @defgroup FLASH_RAMFUNC FLASH RAMFUNC
  54:C:/Users/LC/STM32Cube/Repository/STM32Cube_FW_F4_V1.28.0/Drivers/STM32F4xx_HAL_Driver/Src\stm32f4xx_hal_flash_ramfunc.c ****   * @brief FLASH functions executed from RAM
  55:C:/Users/LC/STM32Cube/Repository/STM32Cube_FW_F4_V1.28.0/Drivers/STM32F4xx_HAL_Driver/Src\stm32f4xx_hal_flash_ramfunc.c ****   * @{
  56:C:/Users/LC/STM32Cube/Repository/STM32Cube_FW_F4_V1.28.0/Drivers/STM32F4xx_HAL_Driver/Src\stm32f4xx_hal_flash_ramfunc.c ****   */
  57:C:/Users/LC/STM32Cube/Repository/STM32Cube_FW_F4_V1.28.0/Drivers/STM32F4xx_HAL_Driver/Src\stm32f4xx_hal_flash_ramfunc.c **** #ifdef HAL_FLASH_MODULE_ENABLED
  58:C:/Users/LC/STM32Cube/Repository/STM32Cube_FW_F4_V1.28.0/Drivers/STM32F4xx_HAL_Driver/Src\stm32f4xx_hal_flash_ramfunc.c **** #if defined(STM32F410Tx) || defined(STM32F410Cx) || defined(STM32F410Rx) || defined(STM32F411xE) ||
  59:C:/Users/LC/STM32Cube/Repository/STM32Cube_FW_F4_V1.28.0/Drivers/STM32F4xx_HAL_Driver/Src\stm32f4xx_hal_flash_ramfunc.c ****     defined(STM32F412Rx) || defined(STM32F412Cx)
  60:C:/Users/LC/STM32Cube/Repository/STM32Cube_FW_F4_V1.28.0/Drivers/STM32F4xx_HAL_Driver/Src\stm32f4xx_hal_flash_ramfunc.c **** 
  61:C:/Users/LC/STM32Cube/Repository/STM32Cube_FW_F4_V1.28.0/Drivers/STM32F4xx_HAL_Driver/Src\stm32f4xx_hal_flash_ramfunc.c **** /* Private typedef -----------------------------------------------------------*/
  62:C:/Users/LC/STM32Cube/Repository/STM32Cube_FW_F4_V1.28.0/Drivers/STM32F4xx_HAL_Driver/Src\stm32f4xx_hal_flash_ramfunc.c **** /* Private define ------------------------------------------------------------*/
  63:C:/Users/LC/STM32Cube/Repository/STM32Cube_FW_F4_V1.28.0/Drivers/STM32F4xx_HAL_Driver/Src\stm32f4xx_hal_flash_ramfunc.c **** /* Private macro -------------------------------------------------------------*/
  64:C:/Users/LC/STM32Cube/Repository/STM32Cube_FW_F4_V1.28.0/Drivers/STM32F4xx_HAL_Driver/Src\stm32f4xx_hal_flash_ramfunc.c **** /* Private variables ---------------------------------------------------------*/
  65:C:/Users/LC/STM32Cube/Repository/STM32Cube_FW_F4_V1.28.0/Drivers/STM32F4xx_HAL_Driver/Src\stm32f4xx_hal_flash_ramfunc.c **** /* Private function prototypes -----------------------------------------------*/
  66:C:/Users/LC/STM32Cube/Repository/STM32Cube_FW_F4_V1.28.0/Drivers/STM32F4xx_HAL_Driver/Src\stm32f4xx_hal_flash_ramfunc.c **** /* Exported functions --------------------------------------------------------*/
  67:C:/Users/LC/STM32Cube/Repository/STM32Cube_FW_F4_V1.28.0/Drivers/STM32F4xx_HAL_Driver/Src\stm32f4xx_hal_flash_ramfunc.c **** /** @defgroup FLASH_RAMFUNC_Exported_Functions FLASH RAMFUNC Exported Functions
  68:C:/Users/LC/STM32Cube/Repository/STM32Cube_FW_F4_V1.28.0/Drivers/STM32F4xx_HAL_Driver/Src\stm32f4xx_hal_flash_ramfunc.c ****   * @{
  69:C:/Users/LC/STM32Cube/Repository/STM32Cube_FW_F4_V1.28.0/Drivers/STM32F4xx_HAL_Driver/Src\stm32f4xx_hal_flash_ramfunc.c ****   */
  70:C:/Users/LC/STM32Cube/Repository/STM32Cube_FW_F4_V1.28.0/Drivers/STM32F4xx_HAL_Driver/Src\stm32f4xx_hal_flash_ramfunc.c **** 
  71:C:/Users/LC/STM32Cube/Repository/STM32Cube_FW_F4_V1.28.0/Drivers/STM32F4xx_HAL_Driver/Src\stm32f4xx_hal_flash_ramfunc.c **** /** @defgroup FLASH_RAMFUNC_Exported_Functions_Group1 Peripheral features functions executed from i
  72:C:/Users/LC/STM32Cube/Repository/STM32Cube_FW_F4_V1.28.0/Drivers/STM32F4xx_HAL_Driver/Src\stm32f4xx_hal_flash_ramfunc.c ****   *  @brief Peripheral Extended features functions 
  73:C:/Users/LC/STM32Cube/Repository/STM32Cube_FW_F4_V1.28.0/Drivers/STM32F4xx_HAL_Driver/Src\stm32f4xx_hal_flash_ramfunc.c ****   *
  74:C:/Users/LC/STM32Cube/Repository/STM32Cube_FW_F4_V1.28.0/Drivers/STM32F4xx_HAL_Driver/Src\stm32f4xx_hal_flash_ramfunc.c **** @verbatim   
  75:C:/Users/LC/STM32Cube/Repository/STM32Cube_FW_F4_V1.28.0/Drivers/STM32F4xx_HAL_Driver/Src\stm32f4xx_hal_flash_ramfunc.c **** 
  76:C:/Users/LC/STM32Cube/Repository/STM32Cube_FW_F4_V1.28.0/Drivers/STM32F4xx_HAL_Driver/Src\stm32f4xx_hal_flash_ramfunc.c ****  ===============================================================================
  77:C:/Users/LC/STM32Cube/Repository/STM32Cube_FW_F4_V1.28.0/Drivers/STM32F4xx_HAL_Driver/Src\stm32f4xx_hal_flash_ramfunc.c ****                       ##### ramfunc functions #####
  78:C:/Users/LC/STM32Cube/Repository/STM32Cube_FW_F4_V1.28.0/Drivers/STM32F4xx_HAL_Driver/Src\stm32f4xx_hal_flash_ramfunc.c ****  ===============================================================================  
  79:C:/Users/LC/STM32Cube/Repository/STM32Cube_FW_F4_V1.28.0/Drivers/STM32F4xx_HAL_Driver/Src\stm32f4xx_hal_flash_ramfunc.c ****     [..]
  80:C:/Users/LC/STM32Cube/Repository/STM32Cube_FW_F4_V1.28.0/Drivers/STM32F4xx_HAL_Driver/Src\stm32f4xx_hal_flash_ramfunc.c ****     This subsection provides a set of functions that should be executed from RAM 
  81:C:/Users/LC/STM32Cube/Repository/STM32Cube_FW_F4_V1.28.0/Drivers/STM32F4xx_HAL_Driver/Src\stm32f4xx_hal_flash_ramfunc.c ****     transfers.
  82:C:/Users/LC/STM32Cube/Repository/STM32Cube_FW_F4_V1.28.0/Drivers/STM32F4xx_HAL_Driver/Src\stm32f4xx_hal_flash_ramfunc.c ****     
  83:C:/Users/LC/STM32Cube/Repository/STM32Cube_FW_F4_V1.28.0/Drivers/STM32F4xx_HAL_Driver/Src\stm32f4xx_hal_flash_ramfunc.c **** @endverbatim
  84:C:/Users/LC/STM32Cube/Repository/STM32Cube_FW_F4_V1.28.0/Drivers/STM32F4xx_HAL_Driver/Src\stm32f4xx_hal_flash_ramfunc.c ****   * @{
  85:C:/Users/LC/STM32Cube/Repository/STM32Cube_FW_F4_V1.28.0/Drivers/STM32F4xx_HAL_Driver/Src\stm32f4xx_hal_flash_ramfunc.c ****   */
  86:C:/Users/LC/STM32Cube/Repository/STM32Cube_FW_F4_V1.28.0/Drivers/STM32F4xx_HAL_Driver/Src\stm32f4xx_hal_flash_ramfunc.c **** 
  87:C:/Users/LC/STM32Cube/Repository/STM32Cube_FW_F4_V1.28.0/Drivers/STM32F4xx_HAL_Driver/Src\stm32f4xx_hal_flash_ramfunc.c **** /**
ARM GAS  C:\Users\LC\AppData\Local\Temp\ccjL3Puo.s 			page 3


  88:C:/Users/LC/STM32Cube/Repository/STM32Cube_FW_F4_V1.28.0/Drivers/STM32F4xx_HAL_Driver/Src\stm32f4xx_hal_flash_ramfunc.c ****   * @brief Stop the flash interface while System Run
  89:C:/Users/LC/STM32Cube/Repository/STM32Cube_FW_F4_V1.28.0/Drivers/STM32F4xx_HAL_Driver/Src\stm32f4xx_hal_flash_ramfunc.c ****   * @note  This mode is only available for STM32F41xxx/STM32F446xx devices. 
  90:C:/Users/LC/STM32Cube/Repository/STM32Cube_FW_F4_V1.28.0/Drivers/STM32F4xx_HAL_Driver/Src\stm32f4xx_hal_flash_ramfunc.c ****   * @note  This mode couldn't be set while executing with the flash itself. 
  91:C:/Users/LC/STM32Cube/Repository/STM32Cube_FW_F4_V1.28.0/Drivers/STM32F4xx_HAL_Driver/Src\stm32f4xx_hal_flash_ramfunc.c ****   *        It should be done with specific routine executed from RAM.     
  92:C:/Users/LC/STM32Cube/Repository/STM32Cube_FW_F4_V1.28.0/Drivers/STM32F4xx_HAL_Driver/Src\stm32f4xx_hal_flash_ramfunc.c ****   * @retval HAL status
  93:C:/Users/LC/STM32Cube/Repository/STM32Cube_FW_F4_V1.28.0/Drivers/STM32F4xx_HAL_Driver/Src\stm32f4xx_hal_flash_ramfunc.c ****   */
  94:C:/Users/LC/STM32Cube/Repository/STM32Cube_FW_F4_V1.28.0/Drivers/STM32F4xx_HAL_Driver/Src\stm32f4xx_hal_flash_ramfunc.c **** __RAM_FUNC HAL_StatusTypeDef HAL_FLASHEx_StopFlashInterfaceClk(void)
  95:C:/Users/LC/STM32Cube/Repository/STM32Cube_FW_F4_V1.28.0/Drivers/STM32F4xx_HAL_Driver/Src\stm32f4xx_hal_flash_ramfunc.c **** {
  29              		.loc 1 95 1 view -0
  30              		.cfi_startproc
  31              		@ args = 0, pretend = 0, frame = 8
  32              		@ frame_needed = 0, uses_anonymous_args = 0
  33              		@ link register save eliminated.
  34 0000 82B0     		sub	sp, sp, #8
  35              	.LCFI0:
  36              		.cfi_def_cfa_offset 8
  96:C:/Users/LC/STM32Cube/Repository/STM32Cube_FW_F4_V1.28.0/Drivers/STM32F4xx_HAL_Driver/Src\stm32f4xx_hal_flash_ramfunc.c ****   /* Enable Power ctrl clock */
  97:C:/Users/LC/STM32Cube/Repository/STM32Cube_FW_F4_V1.28.0/Drivers/STM32F4xx_HAL_Driver/Src\stm32f4xx_hal_flash_ramfunc.c ****   __HAL_RCC_PWR_CLK_ENABLE();
  37              		.loc 1 97 3 view .LVU1
  38              	.LBB2:
  39              		.loc 1 97 3 view .LVU2
  40 0002 0020     		movs	r0, #0
  41 0004 0190     		str	r0, [sp, #4]
  42              		.loc 1 97 3 view .LVU3
  43 0006 084B     		ldr	r3, .L3
  44 0008 1A6C     		ldr	r2, [r3, #64]
  45 000a 42F08052 		orr	r2, r2, #268435456
  46 000e 1A64     		str	r2, [r3, #64]
  47              		.loc 1 97 3 view .LVU4
  48 0010 1B6C     		ldr	r3, [r3, #64]
  49 0012 03F08053 		and	r3, r3, #268435456
  50 0016 0193     		str	r3, [sp, #4]
  51              		.loc 1 97 3 view .LVU5
  52 0018 019B     		ldr	r3, [sp, #4]
  53              	.LBE2:
  54              		.loc 1 97 3 view .LVU6
  98:C:/Users/LC/STM32Cube/Repository/STM32Cube_FW_F4_V1.28.0/Drivers/STM32F4xx_HAL_Driver/Src\stm32f4xx_hal_flash_ramfunc.c ****   /* Stop the flash interface while System Run */  
  99:C:/Users/LC/STM32Cube/Repository/STM32Cube_FW_F4_V1.28.0/Drivers/STM32F4xx_HAL_Driver/Src\stm32f4xx_hal_flash_ramfunc.c ****   SET_BIT(PWR->CR, PWR_CR_FISSR);
  55              		.loc 1 99 3 view .LVU7
  56 001a 044A     		ldr	r2, .L3+4
  57 001c 1368     		ldr	r3, [r2]
  58 001e 43F40013 		orr	r3, r3, #2097152
  59 0022 1360     		str	r3, [r2]
 100:C:/Users/LC/STM32Cube/Repository/STM32Cube_FW_F4_V1.28.0/Drivers/STM32F4xx_HAL_Driver/Src\stm32f4xx_hal_flash_ramfunc.c ****    
 101:C:/Users/LC/STM32Cube/Repository/STM32Cube_FW_F4_V1.28.0/Drivers/STM32F4xx_HAL_Driver/Src\stm32f4xx_hal_flash_ramfunc.c ****   return HAL_OK;
  60              		.loc 1 101 3 view .LVU8
 102:C:/Users/LC/STM32Cube/Repository/STM32Cube_FW_F4_V1.28.0/Drivers/STM32F4xx_HAL_Driver/Src\stm32f4xx_hal_flash_ramfunc.c **** }
  61              		.loc 1 102 1 is_stmt 0 view .LVU9
  62 0024 02B0     		add	sp, sp, #8
  63              	.LCFI1:
  64              		.cfi_def_cfa_offset 0
  65              		@ sp needed
  66 0026 7047     		bx	lr
  67              	.L4:
  68              		.align	2
  69              	.L3:
  70 0028 00380240 		.word	1073887232
ARM GAS  C:\Users\LC\AppData\Local\Temp\ccjL3Puo.s 			page 4


  71 002c 00700040 		.word	1073770496
  72              		.cfi_endproc
  73              	.LFE134:
  75              		.align	1
  76              		.global	HAL_FLASHEx_StartFlashInterfaceClk
  77              		.syntax unified
  78              		.thumb
  79              		.thumb_func
  81              	HAL_FLASHEx_StartFlashInterfaceClk:
  82              	.LFB135:
 103:C:/Users/LC/STM32Cube/Repository/STM32Cube_FW_F4_V1.28.0/Drivers/STM32F4xx_HAL_Driver/Src\stm32f4xx_hal_flash_ramfunc.c **** 
 104:C:/Users/LC/STM32Cube/Repository/STM32Cube_FW_F4_V1.28.0/Drivers/STM32F4xx_HAL_Driver/Src\stm32f4xx_hal_flash_ramfunc.c **** /**
 105:C:/Users/LC/STM32Cube/Repository/STM32Cube_FW_F4_V1.28.0/Drivers/STM32F4xx_HAL_Driver/Src\stm32f4xx_hal_flash_ramfunc.c ****   * @brief Start the flash interface while System Run
 106:C:/Users/LC/STM32Cube/Repository/STM32Cube_FW_F4_V1.28.0/Drivers/STM32F4xx_HAL_Driver/Src\stm32f4xx_hal_flash_ramfunc.c ****   * @note  This mode is only available for STM32F411xx/STM32F446xx devices. 
 107:C:/Users/LC/STM32Cube/Repository/STM32Cube_FW_F4_V1.28.0/Drivers/STM32F4xx_HAL_Driver/Src\stm32f4xx_hal_flash_ramfunc.c ****   * @note  This mode couldn't be set while executing with the flash itself. 
 108:C:/Users/LC/STM32Cube/Repository/STM32Cube_FW_F4_V1.28.0/Drivers/STM32F4xx_HAL_Driver/Src\stm32f4xx_hal_flash_ramfunc.c ****   *        It should be done with specific routine executed from RAM.     
 109:C:/Users/LC/STM32Cube/Repository/STM32Cube_FW_F4_V1.28.0/Drivers/STM32F4xx_HAL_Driver/Src\stm32f4xx_hal_flash_ramfunc.c ****   * @retval HAL status
 110:C:/Users/LC/STM32Cube/Repository/STM32Cube_FW_F4_V1.28.0/Drivers/STM32F4xx_HAL_Driver/Src\stm32f4xx_hal_flash_ramfunc.c ****   */
 111:C:/Users/LC/STM32Cube/Repository/STM32Cube_FW_F4_V1.28.0/Drivers/STM32F4xx_HAL_Driver/Src\stm32f4xx_hal_flash_ramfunc.c **** __RAM_FUNC HAL_StatusTypeDef HAL_FLASHEx_StartFlashInterfaceClk(void)
 112:C:/Users/LC/STM32Cube/Repository/STM32Cube_FW_F4_V1.28.0/Drivers/STM32F4xx_HAL_Driver/Src\stm32f4xx_hal_flash_ramfunc.c **** {
  83              		.loc 1 112 1 is_stmt 1 view -0
  84              		.cfi_startproc
  85              		@ args = 0, pretend = 0, frame = 8
  86              		@ frame_needed = 0, uses_anonymous_args = 0
  87              		@ link register save eliminated.
  88 0030 82B0     		sub	sp, sp, #8
  89              	.LCFI2:
  90              		.cfi_def_cfa_offset 8
 113:C:/Users/LC/STM32Cube/Repository/STM32Cube_FW_F4_V1.28.0/Drivers/STM32F4xx_HAL_Driver/Src\stm32f4xx_hal_flash_ramfunc.c ****   /* Enable Power ctrl clock */
 114:C:/Users/LC/STM32Cube/Repository/STM32Cube_FW_F4_V1.28.0/Drivers/STM32F4xx_HAL_Driver/Src\stm32f4xx_hal_flash_ramfunc.c ****   __HAL_RCC_PWR_CLK_ENABLE();
  91              		.loc 1 114 3 view .LVU11
  92              	.LBB3:
  93              		.loc 1 114 3 view .LVU12
  94 0032 0020     		movs	r0, #0
  95 0034 0190     		str	r0, [sp, #4]
  96              		.loc 1 114 3 view .LVU13
  97 0036 084B     		ldr	r3, .L7
  98 0038 1A6C     		ldr	r2, [r3, #64]
  99 003a 42F08052 		orr	r2, r2, #268435456
 100 003e 1A64     		str	r2, [r3, #64]
 101              		.loc 1 114 3 view .LVU14
 102 0040 1B6C     		ldr	r3, [r3, #64]
 103 0042 03F08053 		and	r3, r3, #268435456
 104 0046 0193     		str	r3, [sp, #4]
 105              		.loc 1 114 3 view .LVU15
 106 0048 019B     		ldr	r3, [sp, #4]
 107              	.LBE3:
 108              		.loc 1 114 3 view .LVU16
 115:C:/Users/LC/STM32Cube/Repository/STM32Cube_FW_F4_V1.28.0/Drivers/STM32F4xx_HAL_Driver/Src\stm32f4xx_hal_flash_ramfunc.c ****   /* Start the flash interface while System Run */
 116:C:/Users/LC/STM32Cube/Repository/STM32Cube_FW_F4_V1.28.0/Drivers/STM32F4xx_HAL_Driver/Src\stm32f4xx_hal_flash_ramfunc.c ****   CLEAR_BIT(PWR->CR, PWR_CR_FISSR);
 109              		.loc 1 116 3 view .LVU17
 110 004a 044A     		ldr	r2, .L7+4
 111 004c 1368     		ldr	r3, [r2]
 112 004e 23F40013 		bic	r3, r3, #2097152
 113 0052 1360     		str	r3, [r2]
 117:C:/Users/LC/STM32Cube/Repository/STM32Cube_FW_F4_V1.28.0/Drivers/STM32F4xx_HAL_Driver/Src\stm32f4xx_hal_flash_ramfunc.c **** 
 118:C:/Users/LC/STM32Cube/Repository/STM32Cube_FW_F4_V1.28.0/Drivers/STM32F4xx_HAL_Driver/Src\stm32f4xx_hal_flash_ramfunc.c ****   return HAL_OK;
ARM GAS  C:\Users\LC\AppData\Local\Temp\ccjL3Puo.s 			page 5


 114              		.loc 1 118 3 view .LVU18
 119:C:/Users/LC/STM32Cube/Repository/STM32Cube_FW_F4_V1.28.0/Drivers/STM32F4xx_HAL_Driver/Src\stm32f4xx_hal_flash_ramfunc.c **** }
 115              		.loc 1 119 1 is_stmt 0 view .LVU19
 116 0054 02B0     		add	sp, sp, #8
 117              	.LCFI3:
 118              		.cfi_def_cfa_offset 0
 119              		@ sp needed
 120 0056 7047     		bx	lr
 121              	.L8:
 122              		.align	2
 123              	.L7:
 124 0058 00380240 		.word	1073887232
 125 005c 00700040 		.word	1073770496
 126              		.cfi_endproc
 127              	.LFE135:
 129              		.align	1
 130              		.global	HAL_FLASHEx_EnableFlashSleepMode
 131              		.syntax unified
 132              		.thumb
 133              		.thumb_func
 135              	HAL_FLASHEx_EnableFlashSleepMode:
 136              	.LFB136:
 120:C:/Users/LC/STM32Cube/Repository/STM32Cube_FW_F4_V1.28.0/Drivers/STM32F4xx_HAL_Driver/Src\stm32f4xx_hal_flash_ramfunc.c **** 
 121:C:/Users/LC/STM32Cube/Repository/STM32Cube_FW_F4_V1.28.0/Drivers/STM32F4xx_HAL_Driver/Src\stm32f4xx_hal_flash_ramfunc.c **** /**
 122:C:/Users/LC/STM32Cube/Repository/STM32Cube_FW_F4_V1.28.0/Drivers/STM32F4xx_HAL_Driver/Src\stm32f4xx_hal_flash_ramfunc.c ****   * @brief Enable the flash sleep while System Run
 123:C:/Users/LC/STM32Cube/Repository/STM32Cube_FW_F4_V1.28.0/Drivers/STM32F4xx_HAL_Driver/Src\stm32f4xx_hal_flash_ramfunc.c ****   * @note  This mode is only available for STM32F41xxx/STM32F446xx devices. 
 124:C:/Users/LC/STM32Cube/Repository/STM32Cube_FW_F4_V1.28.0/Drivers/STM32F4xx_HAL_Driver/Src\stm32f4xx_hal_flash_ramfunc.c ****   * @note  This mode could n't be set while executing with the flash itself. 
 125:C:/Users/LC/STM32Cube/Repository/STM32Cube_FW_F4_V1.28.0/Drivers/STM32F4xx_HAL_Driver/Src\stm32f4xx_hal_flash_ramfunc.c ****   *        It should be done with specific routine executed from RAM.     
 126:C:/Users/LC/STM32Cube/Repository/STM32Cube_FW_F4_V1.28.0/Drivers/STM32F4xx_HAL_Driver/Src\stm32f4xx_hal_flash_ramfunc.c ****   * @retval HAL status
 127:C:/Users/LC/STM32Cube/Repository/STM32Cube_FW_F4_V1.28.0/Drivers/STM32F4xx_HAL_Driver/Src\stm32f4xx_hal_flash_ramfunc.c ****   */
 128:C:/Users/LC/STM32Cube/Repository/STM32Cube_FW_F4_V1.28.0/Drivers/STM32F4xx_HAL_Driver/Src\stm32f4xx_hal_flash_ramfunc.c **** __RAM_FUNC HAL_StatusTypeDef HAL_FLASHEx_EnableFlashSleepMode(void)
 129:C:/Users/LC/STM32Cube/Repository/STM32Cube_FW_F4_V1.28.0/Drivers/STM32F4xx_HAL_Driver/Src\stm32f4xx_hal_flash_ramfunc.c **** {
 137              		.loc 1 129 1 is_stmt 1 view -0
 138              		.cfi_startproc
 139              		@ args = 0, pretend = 0, frame = 8
 140              		@ frame_needed = 0, uses_anonymous_args = 0
 141              		@ link register save eliminated.
 142 0060 82B0     		sub	sp, sp, #8
 143              	.LCFI4:
 144              		.cfi_def_cfa_offset 8
 130:C:/Users/LC/STM32Cube/Repository/STM32Cube_FW_F4_V1.28.0/Drivers/STM32F4xx_HAL_Driver/Src\stm32f4xx_hal_flash_ramfunc.c ****   /* Enable Power ctrl clock */
 131:C:/Users/LC/STM32Cube/Repository/STM32Cube_FW_F4_V1.28.0/Drivers/STM32F4xx_HAL_Driver/Src\stm32f4xx_hal_flash_ramfunc.c ****   __HAL_RCC_PWR_CLK_ENABLE();
 145              		.loc 1 131 3 view .LVU21
 146              	.LBB4:
 147              		.loc 1 131 3 view .LVU22
 148 0062 0020     		movs	r0, #0
 149 0064 0190     		str	r0, [sp, #4]
 150              		.loc 1 131 3 view .LVU23
 151 0066 084B     		ldr	r3, .L11
 152 0068 1A6C     		ldr	r2, [r3, #64]
 153 006a 42F08052 		orr	r2, r2, #268435456
 154 006e 1A64     		str	r2, [r3, #64]
 155              		.loc 1 131 3 view .LVU24
 156 0070 1B6C     		ldr	r3, [r3, #64]
 157 0072 03F08053 		and	r3, r3, #268435456
 158 0076 0193     		str	r3, [sp, #4]
 159              		.loc 1 131 3 view .LVU25
ARM GAS  C:\Users\LC\AppData\Local\Temp\ccjL3Puo.s 			page 6


 160 0078 019B     		ldr	r3, [sp, #4]
 161              	.LBE4:
 162              		.loc 1 131 3 view .LVU26
 132:C:/Users/LC/STM32Cube/Repository/STM32Cube_FW_F4_V1.28.0/Drivers/STM32F4xx_HAL_Driver/Src\stm32f4xx_hal_flash_ramfunc.c ****   /* Enable the flash sleep while System Run */
 133:C:/Users/LC/STM32Cube/Repository/STM32Cube_FW_F4_V1.28.0/Drivers/STM32F4xx_HAL_Driver/Src\stm32f4xx_hal_flash_ramfunc.c ****   SET_BIT(PWR->CR, PWR_CR_FMSSR);
 163              		.loc 1 133 3 view .LVU27
 164 007a 044A     		ldr	r2, .L11+4
 165 007c 1368     		ldr	r3, [r2]
 166 007e 43F48013 		orr	r3, r3, #1048576
 167 0082 1360     		str	r3, [r2]
 134:C:/Users/LC/STM32Cube/Repository/STM32Cube_FW_F4_V1.28.0/Drivers/STM32F4xx_HAL_Driver/Src\stm32f4xx_hal_flash_ramfunc.c **** 
 135:C:/Users/LC/STM32Cube/Repository/STM32Cube_FW_F4_V1.28.0/Drivers/STM32F4xx_HAL_Driver/Src\stm32f4xx_hal_flash_ramfunc.c ****   return HAL_OK;
 168              		.loc 1 135 3 view .LVU28
 136:C:/Users/LC/STM32Cube/Repository/STM32Cube_FW_F4_V1.28.0/Drivers/STM32F4xx_HAL_Driver/Src\stm32f4xx_hal_flash_ramfunc.c **** }
 169              		.loc 1 136 1 is_stmt 0 view .LVU29
 170 0084 02B0     		add	sp, sp, #8
 171              	.LCFI5:
 172              		.cfi_def_cfa_offset 0
 173              		@ sp needed
 174 0086 7047     		bx	lr
 175              	.L12:
 176              		.align	2
 177              	.L11:
 178 0088 00380240 		.word	1073887232
 179 008c 00700040 		.word	1073770496
 180              		.cfi_endproc
 181              	.LFE136:
 183              		.align	1
 184              		.global	HAL_FLASHEx_DisableFlashSleepMode
 185              		.syntax unified
 186              		.thumb
 187              		.thumb_func
 189              	HAL_FLASHEx_DisableFlashSleepMode:
 190              	.LFB137:
 137:C:/Users/LC/STM32Cube/Repository/STM32Cube_FW_F4_V1.28.0/Drivers/STM32F4xx_HAL_Driver/Src\stm32f4xx_hal_flash_ramfunc.c **** 
 138:C:/Users/LC/STM32Cube/Repository/STM32Cube_FW_F4_V1.28.0/Drivers/STM32F4xx_HAL_Driver/Src\stm32f4xx_hal_flash_ramfunc.c **** /**
 139:C:/Users/LC/STM32Cube/Repository/STM32Cube_FW_F4_V1.28.0/Drivers/STM32F4xx_HAL_Driver/Src\stm32f4xx_hal_flash_ramfunc.c ****   * @brief Disable the flash sleep while System Run
 140:C:/Users/LC/STM32Cube/Repository/STM32Cube_FW_F4_V1.28.0/Drivers/STM32F4xx_HAL_Driver/Src\stm32f4xx_hal_flash_ramfunc.c ****   * @note  This mode is only available for STM32F41xxx/STM32F446xx devices. 
 141:C:/Users/LC/STM32Cube/Repository/STM32Cube_FW_F4_V1.28.0/Drivers/STM32F4xx_HAL_Driver/Src\stm32f4xx_hal_flash_ramfunc.c ****   * @note  This mode couldn't be set while executing with the flash itself. 
 142:C:/Users/LC/STM32Cube/Repository/STM32Cube_FW_F4_V1.28.0/Drivers/STM32F4xx_HAL_Driver/Src\stm32f4xx_hal_flash_ramfunc.c ****   *        It should be done with specific routine executed from RAM.     
 143:C:/Users/LC/STM32Cube/Repository/STM32Cube_FW_F4_V1.28.0/Drivers/STM32F4xx_HAL_Driver/Src\stm32f4xx_hal_flash_ramfunc.c ****   * @retval HAL status
 144:C:/Users/LC/STM32Cube/Repository/STM32Cube_FW_F4_V1.28.0/Drivers/STM32F4xx_HAL_Driver/Src\stm32f4xx_hal_flash_ramfunc.c ****   */
 145:C:/Users/LC/STM32Cube/Repository/STM32Cube_FW_F4_V1.28.0/Drivers/STM32F4xx_HAL_Driver/Src\stm32f4xx_hal_flash_ramfunc.c **** __RAM_FUNC HAL_StatusTypeDef HAL_FLASHEx_DisableFlashSleepMode(void)
 146:C:/Users/LC/STM32Cube/Repository/STM32Cube_FW_F4_V1.28.0/Drivers/STM32F4xx_HAL_Driver/Src\stm32f4xx_hal_flash_ramfunc.c **** {
 191              		.loc 1 146 1 is_stmt 1 view -0
 192              		.cfi_startproc
 193              		@ args = 0, pretend = 0, frame = 8
 194              		@ frame_needed = 0, uses_anonymous_args = 0
 195              		@ link register save eliminated.
 196 0090 82B0     		sub	sp, sp, #8
 197              	.LCFI6:
 198              		.cfi_def_cfa_offset 8
 147:C:/Users/LC/STM32Cube/Repository/STM32Cube_FW_F4_V1.28.0/Drivers/STM32F4xx_HAL_Driver/Src\stm32f4xx_hal_flash_ramfunc.c ****   /* Enable Power ctrl clock */
 148:C:/Users/LC/STM32Cube/Repository/STM32Cube_FW_F4_V1.28.0/Drivers/STM32F4xx_HAL_Driver/Src\stm32f4xx_hal_flash_ramfunc.c ****   __HAL_RCC_PWR_CLK_ENABLE();
 199              		.loc 1 148 3 view .LVU31
 200              	.LBB5:
 201              		.loc 1 148 3 view .LVU32
ARM GAS  C:\Users\LC\AppData\Local\Temp\ccjL3Puo.s 			page 7


 202 0092 0020     		movs	r0, #0
 203 0094 0190     		str	r0, [sp, #4]
 204              		.loc 1 148 3 view .LVU33
 205 0096 084B     		ldr	r3, .L15
 206 0098 1A6C     		ldr	r2, [r3, #64]
 207 009a 42F08052 		orr	r2, r2, #268435456
 208 009e 1A64     		str	r2, [r3, #64]
 209              		.loc 1 148 3 view .LVU34
 210 00a0 1B6C     		ldr	r3, [r3, #64]
 211 00a2 03F08053 		and	r3, r3, #268435456
 212 00a6 0193     		str	r3, [sp, #4]
 213              		.loc 1 148 3 view .LVU35
 214 00a8 019B     		ldr	r3, [sp, #4]
 215              	.LBE5:
 216              		.loc 1 148 3 view .LVU36
 149:C:/Users/LC/STM32Cube/Repository/STM32Cube_FW_F4_V1.28.0/Drivers/STM32F4xx_HAL_Driver/Src\stm32f4xx_hal_flash_ramfunc.c ****   /* Disable the flash sleep while System Run */
 150:C:/Users/LC/STM32Cube/Repository/STM32Cube_FW_F4_V1.28.0/Drivers/STM32F4xx_HAL_Driver/Src\stm32f4xx_hal_flash_ramfunc.c ****   CLEAR_BIT(PWR->CR, PWR_CR_FMSSR);
 217              		.loc 1 150 3 view .LVU37
 218 00aa 044A     		ldr	r2, .L15+4
 219 00ac 1368     		ldr	r3, [r2]
 220 00ae 23F48013 		bic	r3, r3, #1048576
 221 00b2 1360     		str	r3, [r2]
 151:C:/Users/LC/STM32Cube/Repository/STM32Cube_FW_F4_V1.28.0/Drivers/STM32F4xx_HAL_Driver/Src\stm32f4xx_hal_flash_ramfunc.c ****   
 152:C:/Users/LC/STM32Cube/Repository/STM32Cube_FW_F4_V1.28.0/Drivers/STM32F4xx_HAL_Driver/Src\stm32f4xx_hal_flash_ramfunc.c ****   return HAL_OK;
 222              		.loc 1 152 3 view .LVU38
 153:C:/Users/LC/STM32Cube/Repository/STM32Cube_FW_F4_V1.28.0/Drivers/STM32F4xx_HAL_Driver/Src\stm32f4xx_hal_flash_ramfunc.c **** }
 223              		.loc 1 153 1 is_stmt 0 view .LVU39
 224 00b4 02B0     		add	sp, sp, #8
 225              	.LCFI7:
 226              		.cfi_def_cfa_offset 0
 227              		@ sp needed
 228 00b6 7047     		bx	lr
 229              	.L16:
 230              		.align	2
 231              	.L15:
 232 00b8 00380240 		.word	1073887232
 233 00bc 00700040 		.word	1073770496
 234              		.cfi_endproc
 235              	.LFE137:
 237              		.text
 238              	.Letext0:
 239              		.file 2 "c:\\program files (x86)\\gnu arm embedded toolchain\\10 2021.10\\arm-none-eabi\\include\\
 240              		.file 3 "c:\\program files (x86)\\gnu arm embedded toolchain\\10 2021.10\\arm-none-eabi\\include\\
 241              		.file 4 "C:/Users/LC/STM32Cube/Repository/STM32Cube_FW_F4_V1.28.0/Drivers/CMSIS/Device/ST/STM32F4x
 242              		.file 5 "C:/Users/LC/STM32Cube/Repository/STM32Cube_FW_F4_V1.28.0/Drivers/STM32F4xx_HAL_Driver/Inc
ARM GAS  C:\Users\LC\AppData\Local\Temp\ccjL3Puo.s 			page 8


DEFINED SYMBOLS
                            *ABS*:00000000 stm32f4xx_hal_flash_ramfunc.c
C:\Users\LC\AppData\Local\Temp\ccjL3Puo.s:20     .RamFunc:00000000 $t
C:\Users\LC\AppData\Local\Temp\ccjL3Puo.s:26     .RamFunc:00000000 HAL_FLASHEx_StopFlashInterfaceClk
C:\Users\LC\AppData\Local\Temp\ccjL3Puo.s:70     .RamFunc:00000028 $d
C:\Users\LC\AppData\Local\Temp\ccjL3Puo.s:75     .RamFunc:00000030 $t
C:\Users\LC\AppData\Local\Temp\ccjL3Puo.s:81     .RamFunc:00000030 HAL_FLASHEx_StartFlashInterfaceClk
C:\Users\LC\AppData\Local\Temp\ccjL3Puo.s:124    .RamFunc:00000058 $d
C:\Users\LC\AppData\Local\Temp\ccjL3Puo.s:129    .RamFunc:00000060 $t
C:\Users\LC\AppData\Local\Temp\ccjL3Puo.s:135    .RamFunc:00000060 HAL_FLASHEx_EnableFlashSleepMode
C:\Users\LC\AppData\Local\Temp\ccjL3Puo.s:178    .RamFunc:00000088 $d
C:\Users\LC\AppData\Local\Temp\ccjL3Puo.s:183    .RamFunc:00000090 $t
C:\Users\LC\AppData\Local\Temp\ccjL3Puo.s:189    .RamFunc:00000090 HAL_FLASHEx_DisableFlashSleepMode
C:\Users\LC\AppData\Local\Temp\ccjL3Puo.s:232    .RamFunc:000000b8 $d

NO UNDEFINED SYMBOLS
